<component name="ProjectRunConfigurationManager">
  <configuration default="false" name="JUnit" type="JUnit" factoryName="JUnit">
    <module name="ElektroCraft.test" />
    <option name="ALTERNATIVE_JRE_PATH_ENABLED" value="true" />
    <option name="ALTERNATIVE_JRE_PATH" value="temurin-23" />
    <option name="PACKAGE_NAME" value="" />
    <option name="MAIN_CLASS_NAME" value="ElektroCraftTest" />
    <option name="METHOD_NAME" value="" />
    <option name="TEST_OBJECT" value="class" />
    <method v="2">
      <option name="MakeNoErrorCheck" enabled="true" />
      <option name="Optimize imports" enabled="true" />
    </method>
  </configuration>
</component>